2023-12-23T22:13:16.077+08:00  INFO 29204 --- [main] c.e.desserts.DessertsServerApplication   : Starting DessertsServerApplication using Java 17.0.9 with PID 29204 (D:\Data\CodeRepository\javaL\dessert-server\desserts-user-server\target\classes started by ameee in D:\Data\CodeRepository\javaL\dessert-server)
2023-12-23T22:13:16.080+08:00  INFO 29204 --- [main] c.e.desserts.DessertsServerApplication   : No active profile set, falling back to 1 default profile: "default"
2023-12-23T22:13:17.054+08:00  INFO 29204 --- [main] o.s.b.w.embedded.tomcat.TomcatWebServer  : Tomcat initialized with port(s): 9898 (http)
2023-12-23T22:13:17.062+08:00  INFO 29204 --- [main] o.apache.catalina.core.StandardService   : Starting service [Tomcat]
2023-12-23T22:13:17.062+08:00  INFO 29204 --- [main] o.apache.catalina.core.StandardEngine    : Starting Servlet engine: [Apache Tomcat/10.1.10]
2023-12-23T22:13:17.142+08:00  INFO 29204 --- [main] o.a.c.c.C.[Tomcat].[localhost].[/]       : Initializing Spring embedded WebApplicationContext
2023-12-23T22:13:17.142+08:00  INFO 29204 --- [main] w.s.c.ServletWebServerApplicationContext : Root WebApplicationContext: initialization completed in 1019 ms
2023-12-23T22:13:17.328+08:00  INFO 29204 --- [main] o.s.b.a.w.s.WelcomePageHandlerMapping    : Adding welcome page template: index
2023-12-23T22:13:17.676+08:00  INFO 29204 --- [main] o.s.s.web.DefaultSecurityFilterChain     : Will secure any request with [org.springframework.security.web.session.DisableEncodeUrlFilter@58a7dc4, org.springframework.security.web.context.request.async.WebAsyncManagerIntegrationFilter@61b60600, org.springframework.security.web.context.SecurityContextHolderFilter@377dfb8d, org.springframework.security.web.header.HeaderWriterFilter@7841bd30, org.springframework.security.web.csrf.CsrfFilter@6885ed19, org.springframework.security.web.authentication.logout.LogoutFilter@7364f68, org.springframework.security.web.authentication.UsernamePasswordAuthenticationFilter@5627cb29, org.springframework.security.web.authentication.ui.DefaultLoginPageGeneratingFilter@7ceb6c45, org.springframework.security.web.authentication.ui.DefaultLogoutPageGeneratingFilter@27f71195, org.springframework.security.web.authentication.www.BasicAuthenticationFilter@70c29356, org.springframework.security.web.savedrequest.RequestCacheAwareFilter@477523ba, org.springframework.security.web.servletapi.SecurityContextHolderAwareRequestFilter@5763a655, org.springframework.security.web.authentication.AnonymousAuthenticationFilter@340afaf8, org.springframework.security.web.access.ExceptionTranslationFilter@6aea99e7, org.springframework.security.web.access.intercept.AuthorizationFilter@61da0413]
2023-12-23T22:13:17.776+08:00  INFO 29204 --- [main] o.s.b.w.embedded.tomcat.TomcatWebServer  : Tomcat started on port(s): 9898 (http) with context path ''
2023-12-23T22:13:17.786+08:00  INFO 29204 --- [main] c.e.desserts.DessertsServerApplication   : Started DessertsServerApplication in 2.264 seconds (process running for 2.775)
2023-12-23T22:13:33.774+08:00  INFO 6052 --- [main] c.e.desserts.DessertsServerApplication   : Starting DessertsServerApplication using Java 17.0.9 with PID 6052 (D:\Data\CodeRepository\javaL\dessert-server\desserts-user-server\target\classes started by ameee in D:\Data\CodeRepository\javaL\dessert-server)
2023-12-23T22:13:33.776+08:00  INFO 6052 --- [main] c.e.desserts.DessertsServerApplication   : No active profile set, falling back to 1 default profile: "default"
2023-12-23T22:13:34.644+08:00  INFO 6052 --- [main] o.s.b.w.embedded.tomcat.TomcatWebServer  : Tomcat initialized with port(s): 9898 (http)
2023-12-23T22:13:34.660+08:00  INFO 6052 --- [main] o.apache.catalina.core.StandardService   : Starting service [Tomcat]
2023-12-23T22:13:34.660+08:00  INFO 6052 --- [main] o.apache.catalina.core.StandardEngine    : Starting Servlet engine: [Apache Tomcat/10.1.10]
2023-12-23T22:13:34.755+08:00  INFO 6052 --- [main] o.a.c.c.C.[Tomcat].[localhost].[/]       : Initializing Spring embedded WebApplicationContext
2023-12-23T22:13:34.755+08:00  INFO 6052 --- [main] w.s.c.ServletWebServerApplicationContext : Root WebApplicationContext: initialization completed in 950 ms
2023-12-23T22:13:34.939+08:00  INFO 6052 --- [main] o.s.b.a.w.s.WelcomePageHandlerMapping    : Adding welcome page template: index
2023-12-23T22:13:35.318+08:00  INFO 6052 --- [main] o.s.s.web.DefaultSecurityFilterChain     : Will secure any request with [org.springframework.security.web.session.DisableEncodeUrlFilter@1edfedf1, org.springframework.security.web.context.request.async.WebAsyncManagerIntegrationFilter@251a90ce, org.springframework.security.web.context.SecurityContextHolderFilter@226d5af0, org.springframework.security.web.header.HeaderWriterFilter@2c8b8de0, org.springframework.security.web.csrf.CsrfFilter@5627cb29, org.springframework.security.web.authentication.logout.LogoutFilter@c9b5a99, org.springframework.security.web.authentication.UsernamePasswordAuthenticationFilter@34c62fdf, org.springframework.security.web.authentication.ui.DefaultLoginPageGeneratingFilter@3869a6e5, org.springframework.security.web.authentication.ui.DefaultLogoutPageGeneratingFilter@4c4c7d6c, org.springframework.security.web.authentication.www.BasicAuthenticationFilter@56fda064, org.springframework.security.web.savedrequest.RequestCacheAwareFilter@36d582cb, org.springframework.security.web.servletapi.SecurityContextHolderAwareRequestFilter@255d9277, org.springframework.security.web.authentication.AnonymousAuthenticationFilter@7f0766ef, org.springframework.security.web.access.ExceptionTranslationFilter@6238d5e0, org.springframework.security.web.access.intercept.AuthorizationFilter@9b367c8]
2023-12-23T22:13:35.392+08:00  INFO 6052 --- [main] o.s.b.w.embedded.tomcat.TomcatWebServer  : Tomcat started on port(s): 9898 (http) with context path ''
2023-12-23T22:13:35.401+08:00  INFO 6052 --- [main] c.e.desserts.DessertsServerApplication   : Started DessertsServerApplication in 2.05 seconds (process running for 2.45)
2023-12-23T22:17:38.480+08:00  INFO 27420 --- [main] c.e.desserts.DessertsServerApplication   : Starting DessertsServerApplication using Java 17.0.9 with PID 27420 (D:\Data\CodeRepository\javaL\dessert-server\desserts-user-server\target\classes started by ameee in D:\Data\CodeRepository\javaL\dessert-server)
2023-12-23T22:17:38.482+08:00  INFO 27420 --- [main] c.e.desserts.DessertsServerApplication   : No active profile set, falling back to 1 default profile: "default"
2023-12-23T22:17:39.319+08:00  INFO 27420 --- [main] o.s.b.w.embedded.tomcat.TomcatWebServer  : Tomcat initialized with port(s): 9898 (http)
2023-12-23T22:17:39.326+08:00  INFO 27420 --- [main] o.apache.catalina.core.StandardService   : Starting service [Tomcat]
2023-12-23T22:17:39.326+08:00  INFO 27420 --- [main] o.apache.catalina.core.StandardEngine    : Starting Servlet engine: [Apache Tomcat/10.1.10]
2023-12-23T22:17:39.410+08:00  INFO 27420 --- [main] o.a.c.c.C.[Tomcat].[localhost].[/]       : Initializing Spring embedded WebApplicationContext
2023-12-23T22:17:39.410+08:00  INFO 27420 --- [main] w.s.c.ServletWebServerApplicationContext : Root WebApplicationContext: initialization completed in 897 ms
2023-12-23T22:17:39.634+08:00  INFO 27420 --- [main] o.s.b.a.w.s.WelcomePageHandlerMapping    : Adding welcome page template: index
2023-12-23T22:17:39.991+08:00  INFO 27420 --- [main] o.s.s.web.DefaultSecurityFilterChain     : Will secure any request with [org.springframework.security.web.session.DisableEncodeUrlFilter@6b42e36d, org.springframework.security.web.context.request.async.WebAsyncManagerIntegrationFilter@13192275, org.springframework.security.web.context.SecurityContextHolderFilter@106c988, org.springframework.security.web.header.HeaderWriterFilter@39133244, org.springframework.security.web.csrf.CsrfFilter@48499739, org.springframework.security.web.authentication.logout.LogoutFilter@6c2a95d5, org.springframework.security.web.authentication.UsernamePasswordAuthenticationFilter@7d484fcd, org.springframework.security.web.authentication.ui.DefaultLoginPageGeneratingFilter@3e43f049, org.springframework.security.web.authentication.ui.DefaultLogoutPageGeneratingFilter@79195c22, org.springframework.security.web.authentication.www.BasicAuthenticationFilter@241b971f, org.springframework.security.web.savedrequest.RequestCacheAwareFilter@76a362a4, org.springframework.security.web.servletapi.SecurityContextHolderAwareRequestFilter@2017f6e6, org.springframework.security.web.authentication.AnonymousAuthenticationFilter@c9b5a99, org.springframework.security.web.access.ExceptionTranslationFilter@55a0f011, org.springframework.security.web.access.intercept.AuthorizationFilter@e3899fd]
2023-12-23T22:17:40.063+08:00  INFO 27420 --- [main] o.s.b.w.embedded.tomcat.TomcatWebServer  : Tomcat started on port(s): 9898 (http) with context path ''
2023-12-23T22:17:40.071+08:00  INFO 27420 --- [main] c.e.desserts.DessertsServerApplication   : Started DessertsServerApplication in 2.006 seconds (process running for 2.415)
2023-12-23T22:17:43.996+08:00  INFO 27420 --- [http-nio-9898-exec-2] o.a.c.c.C.[Tomcat].[localhost].[/]       : Initializing Spring DispatcherServlet 'dispatcherServlet'
2023-12-23T22:17:43.996+08:00  INFO 27420 --- [http-nio-9898-exec-2] o.s.web.servlet.DispatcherServlet        : Initializing Servlet 'dispatcherServlet'
2023-12-23T22:17:43.997+08:00  INFO 27420 --- [http-nio-9898-exec-2] o.s.web.servlet.DispatcherServlet        : Completed initialization in 1 ms
2023-12-23T22:21:15.480+08:00  INFO 22208 --- [main] c.e.desserts.DessertsServerApplication   : Starting DessertsServerApplication using Java 17.0.9 with PID 22208 (D:\Data\CodeRepository\javaL\dessert-server\desserts-user-server\target\classes started by ameee in D:\Data\CodeRepository\javaL\dessert-server)
2023-12-23T22:21:15.482+08:00  INFO 22208 --- [main] c.e.desserts.DessertsServerApplication   : No active profile set, falling back to 1 default profile: "default"
2023-12-23T22:21:16.436+08:00  INFO 22208 --- [main] o.s.b.w.embedded.tomcat.TomcatWebServer  : Tomcat initialized with port(s): 9898 (http)
2023-12-23T22:21:16.447+08:00  INFO 22208 --- [main] o.apache.catalina.core.StandardService   : Starting service [Tomcat]
2023-12-23T22:21:16.447+08:00  INFO 22208 --- [main] o.apache.catalina.core.StandardEngine    : Starting Servlet engine: [Apache Tomcat/10.1.10]
2023-12-23T22:21:16.539+08:00  INFO 22208 --- [main] o.a.c.c.C.[Tomcat].[localhost].[/]       : Initializing Spring embedded WebApplicationContext
2023-12-23T22:21:16.539+08:00  INFO 22208 --- [main] w.s.c.ServletWebServerApplicationContext : Root WebApplicationContext: initialization completed in 1026 ms
2023-12-23T22:21:16.730+08:00  INFO 22208 --- [main] o.s.b.a.w.s.WelcomePageHandlerMapping    : Adding welcome page template: index
2023-12-23T22:21:17.138+08:00  INFO 22208 --- [main] o.s.s.web.DefaultSecurityFilterChain     : Will secure any request with [org.springframework.security.web.session.DisableEncodeUrlFilter@6f3bd37f, org.springframework.security.web.context.request.async.WebAsyncManagerIntegrationFilter@403364e9, org.springframework.security.web.context.SecurityContextHolderFilter@3f048c86, org.springframework.security.web.header.HeaderWriterFilter@36d582cb, org.springframework.security.web.csrf.CsrfFilter@54f6b629, org.springframework.security.web.authentication.logout.LogoutFilter@4b4969ea, org.springframework.security.web.authentication.UsernamePasswordAuthenticationFilter@87f501f, org.springframework.security.web.authentication.ui.DefaultLoginPageGeneratingFilter@47187f50, org.springframework.security.web.authentication.ui.DefaultLogoutPageGeneratingFilter@447521e, org.springframework.security.web.authentication.www.BasicAuthenticationFilter@4c4c7d6c, org.springframework.security.web.savedrequest.RequestCacheAwareFilter@1de13f34, org.springframework.security.web.servletapi.SecurityContextHolderAwareRequestFilter@3869a6e5, org.springframework.security.web.authentication.AnonymousAuthenticationFilter@2fde9469, org.springframework.security.web.access.ExceptionTranslationFilter@226d5af0, org.springframework.security.web.access.intercept.AuthorizationFilter@99a8de3]
2023-12-23T22:21:17.210+08:00  INFO 22208 --- [main] o.s.b.w.embedded.tomcat.TomcatWebServer  : Tomcat started on port(s): 9898 (http) with context path ''
2023-12-23T22:21:17.221+08:00  INFO 22208 --- [main] c.e.desserts.DessertsServerApplication   : Started DessertsServerApplication in 2.18 seconds (process running for 2.567)
2023-12-23T22:21:18.762+08:00  INFO 22208 --- [http-nio-9898-exec-2] o.a.c.c.C.[Tomcat].[localhost].[/]       : Initializing Spring DispatcherServlet 'dispatcherServlet'
2023-12-23T22:21:18.762+08:00  INFO 22208 --- [http-nio-9898-exec-2] o.s.web.servlet.DispatcherServlet        : Initializing Servlet 'dispatcherServlet'
2023-12-23T22:21:18.763+08:00  INFO 22208 --- [http-nio-9898-exec-2] o.s.web.servlet.DispatcherServlet        : Completed initialization in 1 ms
2023-12-23T22:21:31.100+08:00  INFO 22208 --- [http-nio-9898-exec-6] c.e.desserts.controller.TestController   : xx访问测试接口
2023-12-23T22:23:43.779+08:00  INFO 17476 --- [main] c.e.desserts.DessertsServerApplication   : Starting DessertsServerApplication using Java 17.0.9 with PID 17476 (D:\Data\CodeRepository\javaL\dessert-server\desserts-user-server\target\classes started by ameee in D:\Data\CodeRepository\javaL\dessert-server)
2023-12-23T22:23:43.780+08:00  INFO 17476 --- [main] c.e.desserts.DessertsServerApplication   : No active profile set, falling back to 1 default profile: "default"
2023-12-23T22:23:44.780+08:00  INFO 17476 --- [main] o.s.b.w.embedded.tomcat.TomcatWebServer  : Tomcat initialized with port(s): 9898 (http)
2023-12-23T22:23:44.790+08:00  INFO 17476 --- [main] o.apache.catalina.core.StandardService   : Starting service [Tomcat]
2023-12-23T22:23:44.790+08:00  INFO 17476 --- [main] o.apache.catalina.core.StandardEngine    : Starting Servlet engine: [Apache Tomcat/10.1.10]
2023-12-23T22:23:44.870+08:00  INFO 17476 --- [main] o.a.c.c.C.[Tomcat].[localhost].[/]       : Initializing Spring embedded WebApplicationContext
2023-12-23T22:23:44.870+08:00  INFO 17476 --- [main] w.s.c.ServletWebServerApplicationContext : Root WebApplicationContext: initialization completed in 1056 ms
2023-12-23T22:23:45.107+08:00  INFO 17476 --- [main] o.s.b.a.w.s.WelcomePageHandlerMapping    : Adding welcome page template: index
2023-12-23T22:23:45.534+08:00  INFO 17476 --- [main] o.s.s.web.DefaultSecurityFilterChain     : Will secure any request with [org.springframework.security.web.session.DisableEncodeUrlFilter@251a90ce, org.springframework.security.web.context.request.async.WebAsyncManagerIntegrationFilter@4c4c7d6c, org.springframework.security.web.context.SecurityContextHolderFilter@527937d0, org.springframework.security.web.header.HeaderWriterFilter@4fb57fb3, org.springframework.security.web.csrf.CsrfFilter@4d4c1ba9, org.springframework.security.web.authentication.logout.LogoutFilter@70be89ec, org.springframework.security.web.authentication.UsernamePasswordAuthenticationFilter@3de79067, org.springframework.security.web.authentication.ui.DefaultLoginPageGeneratingFilter@e3899fd, org.springframework.security.web.authentication.ui.DefaultLogoutPageGeneratingFilter@7f0766ef, org.springframework.security.web.authentication.www.BasicAuthenticationFilter@6cdee57, org.springframework.security.web.savedrequest.RequestCacheAwareFilter@6c2a95d5, org.springframework.security.web.servletapi.SecurityContextHolderAwareRequestFilter@1de13f34, org.springframework.security.web.authentication.AnonymousAuthenticationFilter@1e56bc9b, org.springframework.security.web.access.ExceptionTranslationFilter@336f49a1, org.springframework.security.web.access.intercept.AuthorizationFilter@34c62fdf]
2023-12-23T22:23:45.669+08:00  INFO 17476 --- [main] o.s.b.w.embedded.tomcat.TomcatWebServer  : Tomcat started on port(s): 9898 (http) with context path ''
2023-12-23T22:23:45.676+08:00  INFO 17476 --- [main] c.e.desserts.DessertsServerApplication   : Started DessertsServerApplication in 2.32 seconds (process running for 2.74)
2023-12-23T22:26:35.484+08:00  INFO 33260 --- [main] c.e.desserts.DessertsServerApplication   : Starting DessertsServerApplication using Java 17.0.9 with PID 33260 (D:\Data\CodeRepository\javaL\dessert-server\desserts-user-server\target\classes started by ameee in D:\Data\CodeRepository\javaL\dessert-server)
2023-12-23T22:26:35.488+08:00  INFO 33260 --- [main] c.e.desserts.DessertsServerApplication   : No active profile set, falling back to 1 default profile: "default"
2023-12-23T22:26:36.504+08:00  INFO 33260 --- [main] o.s.b.w.embedded.tomcat.TomcatWebServer  : Tomcat initialized with port(s): 9898 (http)
2023-12-23T22:26:36.511+08:00  INFO 33260 --- [main] o.apache.catalina.core.StandardService   : Starting service [Tomcat]
2023-12-23T22:26:36.511+08:00  INFO 33260 --- [main] o.apache.catalina.core.StandardEngine    : Starting Servlet engine: [Apache Tomcat/10.1.10]
2023-12-23T22:26:36.586+08:00  INFO 33260 --- [main] o.a.c.c.C.[Tomcat].[localhost].[/]       : Initializing Spring embedded WebApplicationContext
2023-12-23T22:26:36.586+08:00  INFO 33260 --- [main] w.s.c.ServletWebServerApplicationContext : Root WebApplicationContext: initialization completed in 1049 ms
2023-12-23T22:26:36.766+08:00  INFO 33260 --- [main] o.s.b.a.w.s.WelcomePageHandlerMapping    : Adding welcome page template: index
2023-12-23T22:26:37.085+08:00  INFO 33260 --- [main] o.s.s.web.DefaultSecurityFilterChain     : Will secure any request with [org.springframework.security.web.session.DisableEncodeUrlFilter@1e56bc9b, org.springframework.security.web.context.request.async.WebAsyncManagerIntegrationFilter@6f3bd37f, org.springframework.security.web.context.SecurityContextHolderFilter@24d8f87a, org.springframework.security.web.header.HeaderWriterFilter@527937d0, org.springframework.security.web.csrf.CsrfFilter@79ca7bea, org.springframework.security.web.authentication.logout.LogoutFilter@4f3c7808, org.springframework.security.web.authentication.UsernamePasswordAuthenticationFilter@99a8de3, org.springframework.security.web.authentication.ui.DefaultLoginPageGeneratingFilter@d25e878, org.springframework.security.web.authentication.ui.DefaultLogoutPageGeneratingFilter@403364e9, org.springframework.security.web.authentication.www.BasicAuthenticationFilter@251a90ce, org.springframework.security.web.savedrequest.RequestCacheAwareFilter@255d9277, org.springframework.security.web.servletapi.SecurityContextHolderAwareRequestFilter@2ce524d2, org.springframework.security.web.authentication.AnonymousAuthenticationFilter@447521e, org.springframework.security.web.access.ExceptionTranslationFilter@6b063470, org.springframework.security.web.access.intercept.AuthorizationFilter@ca7e37f]
2023-12-23T22:26:37.158+08:00  INFO 33260 --- [main] o.s.b.w.embedded.tomcat.TomcatWebServer  : Tomcat started on port(s): 9898 (http) with context path ''
2023-12-23T22:26:37.165+08:00  INFO 33260 --- [main] c.e.desserts.DessertsServerApplication   : Started DessertsServerApplication in 2.467 seconds (process running for 3.001)
2023-12-23T22:27:11.291+08:00  INFO 33260 --- [http-nio-9898-exec-1] o.a.c.c.C.[Tomcat].[localhost].[/]       : Initializing Spring DispatcherServlet 'dispatcherServlet'
2023-12-23T22:27:11.292+08:00  INFO 33260 --- [http-nio-9898-exec-1] o.s.web.servlet.DispatcherServlet        : Initializing Servlet 'dispatcherServlet'
2023-12-23T22:27:11.293+08:00  INFO 33260 --- [http-nio-9898-exec-1] o.s.web.servlet.DispatcherServlet        : Completed initialization in 1 ms
2023-12-23T22:27:12.703+08:00  INFO 33260 --- [http-nio-9898-exec-4] c.e.desserts.controller.TestController   : xx访问测试接口
2023-12-23T22:36:38.757+08:00  INFO 21084 --- [main] c.e.desserts.DessertsServerApplication   : Starting DessertsServerApplication using Java 17.0.9 with PID 21084 (D:\Data\CodeRepository\javaL\dessert-server\desserts-user-server\target\classes started by ameee in D:\Data\CodeRepository\javaL\dessert-server)
2023-12-23T22:36:38.758+08:00  INFO 21084 --- [main] c.e.desserts.DessertsServerApplication   : No active profile set, falling back to 1 default profile: "default"
2023-12-23T22:36:39.570+08:00  INFO 21084 --- [main] o.s.b.w.embedded.tomcat.TomcatWebServer  : Tomcat initialized with port(s): 9898 (http)
2023-12-23T22:36:39.581+08:00  INFO 21084 --- [main] o.apache.catalina.core.StandardService   : Starting service [Tomcat]
2023-12-23T22:36:39.581+08:00  INFO 21084 --- [main] o.apache.catalina.core.StandardEngine    : Starting Servlet engine: [Apache Tomcat/10.1.10]
2023-12-23T22:36:39.652+08:00  INFO 21084 --- [main] o.a.c.c.C.[Tomcat].[localhost].[/]       : Initializing Spring embedded WebApplicationContext
2023-12-23T22:36:39.652+08:00  INFO 21084 --- [main] w.s.c.ServletWebServerApplicationContext : Root WebApplicationContext: initialization completed in 859 ms
2023-12-23T22:36:39.831+08:00  INFO 21084 --- [main] o.s.b.a.w.s.WelcomePageHandlerMapping    : Adding welcome page template: index
2023-12-23T22:36:40.156+08:00  INFO 21084 --- [main] o.s.s.web.DefaultSecurityFilterChain     : Will secure any request with [org.springframework.security.web.session.DisableEncodeUrlFilter@b06d46d, org.springframework.security.web.context.request.async.WebAsyncManagerIntegrationFilter@25a5c8e, org.springframework.security.web.context.SecurityContextHolderFilter@34c62fdf, org.springframework.security.web.header.HeaderWriterFilter@256589a1, org.springframework.security.web.csrf.CsrfFilter@78116659, org.springframework.security.web.authentication.logout.LogoutFilter@6cc48a17, org.springframework.security.web.authentication.UsernamePasswordAuthenticationFilter@30508066, org.springframework.security.web.authentication.ui.DefaultLoginPageGeneratingFilter@6cdee57, org.springframework.security.web.authentication.ui.DefaultLogoutPageGeneratingFilter@656c5c3, org.springframework.security.web.authentication.www.BasicAuthenticationFilter@34f7b44f, org.springframework.security.web.savedrequest.RequestCacheAwareFilter@1eb85a47, org.springframework.security.web.servletapi.SecurityContextHolderAwareRequestFilter@54495935, org.springframework.security.web.authentication.AnonymousAuthenticationFilter@7911cc15, org.springframework.security.web.access.ExceptionTranslationFilter@4b4969ea, org.springframework.security.web.access.intercept.AuthorizationFilter@646d810b]
2023-12-23T22:36:40.225+08:00  INFO 21084 --- [main] o.s.b.w.embedded.tomcat.TomcatWebServer  : Tomcat started on port(s): 9898 (http) with context path ''
2023-12-23T22:36:40.233+08:00  INFO 21084 --- [main] c.e.desserts.DessertsServerApplication   : Started DessertsServerApplication in 1.917 seconds (process running for 2.427)
2023-12-23T22:38:26.022+08:00  INFO 33952 --- [main] c.e.desserts.DessertsServerApplication   : Starting DessertsServerApplication using Java 17.0.9 with PID 33952 (D:\Data\CodeRepository\javaL\dessert-server\desserts-user-server\target\classes started by ameee in D:\Data\CodeRepository\javaL\dessert-server)
2023-12-23T22:38:26.024+08:00  INFO 33952 --- [main] c.e.desserts.DessertsServerApplication   : No active profile set, falling back to 1 default profile: "default"
2023-12-23T22:38:26.965+08:00  INFO 33952 --- [main] o.s.b.w.embedded.tomcat.TomcatWebServer  : Tomcat initialized with port(s): 9898 (http)
2023-12-23T22:38:26.974+08:00  INFO 33952 --- [main] o.apache.catalina.core.StandardService   : Starting service [Tomcat]
2023-12-23T22:38:26.974+08:00  INFO 33952 --- [main] o.apache.catalina.core.StandardEngine    : Starting Servlet engine: [Apache Tomcat/10.1.10]
2023-12-23T22:38:27.074+08:00  INFO 33952 --- [main] o.a.c.c.C.[Tomcat].[localhost].[/]       : Initializing Spring embedded WebApplicationContext
2023-12-23T22:38:27.074+08:00  INFO 33952 --- [main] w.s.c.ServletWebServerApplicationContext : Root WebApplicationContext: initialization completed in 1008 ms
2023-12-23T22:38:27.267+08:00  INFO 33952 --- [main] o.s.b.a.w.s.WelcomePageHandlerMapping    : Adding welcome page template: index
2023-12-23T22:38:27.663+08:00  INFO 33952 --- [main] o.s.s.web.DefaultSecurityFilterChain     : Will secure any request with [org.springframework.security.web.session.DisableEncodeUrlFilter@5175d9ad, org.springframework.security.web.context.request.async.WebAsyncManagerIntegrationFilter@b06d46d, org.springframework.security.web.context.SecurityContextHolderFilter@9b367c8, org.springframework.security.web.header.HeaderWriterFilter@11c581a0, org.springframework.security.web.csrf.CsrfFilter@47187f50, org.springframework.security.web.authentication.logout.LogoutFilter@3344d163, org.springframework.security.web.authentication.UsernamePasswordAuthenticationFilter@646d810b, org.springframework.security.web.authentication.ui.DefaultLoginPageGeneratingFilter@56fda064, org.springframework.security.web.authentication.ui.DefaultLogoutPageGeneratingFilter@25a5c8e, org.springframework.security.web.authentication.www.BasicAuthenticationFilter@7dbae40, org.springframework.security.web.savedrequest.RequestCacheAwareFilter@3de79067, org.springframework.security.web.servletapi.SecurityContextHolderAwareRequestFilter@87f501f, org.springframework.security.web.authentication.AnonymousAuthenticationFilter@656c5c3, org.springframework.security.web.access.ExceptionTranslationFilter@4f3c7808, org.springframework.security.web.access.intercept.AuthorizationFilter@33e3bd2e]
2023-12-23T22:38:27.802+08:00  INFO 33952 --- [main] o.s.b.w.embedded.tomcat.TomcatWebServer  : Tomcat started on port(s): 9898 (http) with context path ''
2023-12-23T22:38:27.812+08:00  INFO 33952 --- [main] c.e.desserts.DessertsServerApplication   : Started DessertsServerApplication in 2.25 seconds (process running for 2.662)
2023-12-23T22:40:24.997+08:00  INFO 24628 --- [main] c.e.desserts.DessertsServerApplication   : Starting DessertsServerApplication using Java 17.0.9 with PID 24628 (D:\Data\CodeRepository\javaL\dessert-server\desserts-user-server\target\classes started by ameee in D:\Data\CodeRepository\javaL\dessert-server)
2023-12-23T22:40:25.001+08:00  INFO 24628 --- [main] c.e.desserts.DessertsServerApplication   : No active profile set, falling back to 1 default profile: "default"
2023-12-23T22:40:25.925+08:00  INFO 24628 --- [main] o.s.b.w.embedded.tomcat.TomcatWebServer  : Tomcat initialized with port(s): 9898 (http)
2023-12-23T22:40:25.942+08:00  INFO 24628 --- [main] o.apache.catalina.core.StandardService   : Starting service [Tomcat]
2023-12-23T22:40:25.943+08:00  INFO 24628 --- [main] o.apache.catalina.core.StandardEngine    : Starting Servlet engine: [Apache Tomcat/10.1.10]
2023-12-23T22:40:26.031+08:00  INFO 24628 --- [main] o.a.c.c.C.[Tomcat].[localhost].[/]       : Initializing Spring embedded WebApplicationContext
2023-12-23T22:40:26.032+08:00  INFO 24628 --- [main] w.s.c.ServletWebServerApplicationContext : Root WebApplicationContext: initialization completed in 997 ms
2023-12-23T22:40:26.243+08:00  INFO 24628 --- [main] o.s.b.a.w.s.WelcomePageHandlerMapping    : Adding welcome page template: index
2023-12-23T22:40:26.618+08:00  INFO 24628 --- [main] o.s.s.web.DefaultSecurityFilterChain     : Will secure any request with [org.springframework.security.web.session.DisableEncodeUrlFilter@9408857, org.springframework.security.web.context.request.async.WebAsyncManagerIntegrationFilter@27e44e9c, org.springframework.security.web.context.SecurityContextHolderFilter@13192275, org.springframework.security.web.header.HeaderWriterFilter@125f16b2, org.springframework.security.web.csrf.CsrfFilter@3f048c86, org.springframework.security.web.authentication.logout.LogoutFilter@1e56bc9b, org.springframework.security.web.authentication.UsernamePasswordAuthenticationFilter@27ab206, org.springframework.security.web.authentication.ui.DefaultLoginPageGeneratingFilter@9b367c8, org.springframework.security.web.authentication.ui.DefaultLogoutPageGeneratingFilter@2f09e6b2, org.springframework.security.web.authentication.www.BasicAuthenticationFilter@33e3bd2e, org.springframework.security.web.savedrequest.RequestCacheAwareFilter@c9b5a99, org.springframework.security.web.servletapi.SecurityContextHolderAwareRequestFilter@4f3c7808, org.springframework.security.web.authentication.AnonymousAuthenticationFilter@1bee0085, org.springframework.security.web.access.ExceptionTranslationFilter@26b3c9a2, org.springframework.security.web.access.intercept.AuthorizationFilter@463045fb]
2023-12-23T22:40:26.709+08:00  INFO 24628 --- [main] o.s.b.w.embedded.tomcat.TomcatWebServer  : Tomcat started on port(s): 9898 (http) with context path ''
2023-12-23T22:40:26.734+08:00  INFO 24628 --- [main] c.e.desserts.DessertsServerApplication   : Started DessertsServerApplication in 2.149 seconds (process running for 2.59)
2023-12-23T22:40:43.672+08:00  INFO 32256 --- [main] c.e.desserts.DessertsServerApplication   : Starting DessertsServerApplication using Java 17.0.9 with PID 32256 (D:\Data\CodeRepository\javaL\dessert-server\desserts-user-server\target\classes started by ameee in D:\Data\CodeRepository\javaL\dessert-server)
2023-12-23T22:40:43.673+08:00  INFO 32256 --- [main] c.e.desserts.DessertsServerApplication   : No active profile set, falling back to 1 default profile: "default"
2023-12-23T22:40:44.499+08:00  INFO 32256 --- [main] o.s.b.w.embedded.tomcat.TomcatWebServer  : Tomcat initialized with port(s): 9898 (http)
2023-12-23T22:40:44.506+08:00  INFO 32256 --- [main] o.apache.catalina.core.StandardService   : Starting service [Tomcat]
2023-12-23T22:40:44.506+08:00  INFO 32256 --- [main] o.apache.catalina.core.StandardEngine    : Starting Servlet engine: [Apache Tomcat/10.1.10]
2023-12-23T22:40:44.583+08:00  INFO 32256 --- [main] o.a.c.c.C.[Tomcat].[localhost].[/]       : Initializing Spring embedded WebApplicationContext
2023-12-23T22:40:44.583+08:00  INFO 32256 --- [main] w.s.c.ServletWebServerApplicationContext : Root WebApplicationContext: initialization completed in 876 ms
2023-12-23T22:40:44.802+08:00  INFO 32256 --- [main] o.s.b.a.w.s.WelcomePageHandlerMapping    : Adding welcome page template: index
2023-12-23T22:40:45.132+08:00  INFO 32256 --- [main] o.s.s.web.DefaultSecurityFilterChain     : Will secure any request with [org.springframework.security.web.session.DisableEncodeUrlFilter@6cdee57, org.springframework.security.web.context.request.async.WebAsyncManagerIntegrationFilter@482f7af0, org.springframework.security.web.context.SecurityContextHolderFilter@4fb57fb3, org.springframework.security.web.header.HeaderWriterFilter@6238d5e0, org.springframework.security.web.csrf.CsrfFilter@76a362a4, org.springframework.security.web.authentication.logout.LogoutFilter@13192275, org.springframework.security.web.authentication.UsernamePasswordAuthenticationFilter@935493d, org.springframework.security.web.authentication.ui.DefaultLoginPageGeneratingFilter@6562cc23, org.springframework.security.web.authentication.ui.DefaultLogoutPageGeneratingFilter@1edfedf1, org.springframework.security.web.authentication.www.BasicAuthenticationFilter@3a6e9856, org.springframework.security.web.savedrequest.RequestCacheAwareFilter@226d5af0, org.springframework.security.web.servletapi.SecurityContextHolderAwareRequestFilter@24d8f87a, org.springframework.security.web.authentication.AnonymousAuthenticationFilter@251a90ce, org.springframework.security.web.access.ExceptionTranslationFilter@27f71195, org.springframework.security.web.access.intercept.AuthorizationFilter@256589a1]
2023-12-23T22:40:45.222+08:00  INFO 32256 --- [main] o.s.b.w.embedded.tomcat.TomcatWebServer  : Tomcat started on port(s): 9898 (http) with context path ''
2023-12-23T22:40:45.238+08:00  INFO 32256 --- [main] c.e.desserts.DessertsServerApplication   : Started DessertsServerApplication in 1.993 seconds (process running for 2.456)
2023-12-23T22:42:27.275+08:00  INFO 20548 --- [main] c.e.desserts.DessertsServerApplication   : Starting DessertsServerApplication using Java 17.0.9 with PID 20548 (D:\Data\CodeRepository\javaL\dessert-server\desserts-user-server\target\classes started by ameee in D:\Data\CodeRepository\javaL\dessert-server)
2023-12-23T22:42:27.277+08:00  INFO 20548 --- [main] c.e.desserts.DessertsServerApplication   : No active profile set, falling back to 1 default profile: "default"
2023-12-23T22:42:28.174+08:00  INFO 20548 --- [main] o.s.b.w.embedded.tomcat.TomcatWebServer  : Tomcat initialized with port(s): 9898 (http)
2023-12-23T22:42:28.184+08:00  INFO 20548 --- [main] o.apache.catalina.core.StandardService   : Starting service [Tomcat]
2023-12-23T22:42:28.184+08:00  INFO 20548 --- [main] o.apache.catalina.core.StandardEngine    : Starting Servlet engine: [Apache Tomcat/10.1.10]
2023-12-23T22:42:28.267+08:00  INFO 20548 --- [main] o.a.c.c.C.[Tomcat].[localhost].[/]       : Initializing Spring embedded WebApplicationContext
2023-12-23T22:42:28.267+08:00  INFO 20548 --- [main] w.s.c.ServletWebServerApplicationContext : Root WebApplicationContext: initialization completed in 956 ms
2023-12-23T22:42:28.436+08:00  INFO 20548 --- [main] o.s.b.a.w.s.WelcomePageHandlerMapping    : Adding welcome page template: index
2023-12-23T22:42:28.774+08:00  INFO 20548 --- [main] o.s.s.web.DefaultSecurityFilterChain     : Will secure any request with [org.springframework.security.web.session.DisableEncodeUrlFilter@463045fb, org.springframework.security.web.context.request.async.WebAsyncManagerIntegrationFilter@27ab206, org.springframework.security.web.context.SecurityContextHolderFilter@7d484fcd, org.springframework.security.web.header.HeaderWriterFilter@2ce524d2, org.springframework.security.web.csrf.CsrfFilter@58a7dc4, org.springframework.security.web.authentication.logout.LogoutFilter@ca7e37f, org.springframework.security.web.authentication.UsernamePasswordAuthenticationFilter@1edfedf1, org.springframework.security.web.authentication.ui.DefaultLoginPageGeneratingFilter@125f16b2, org.springframework.security.web.authentication.ui.DefaultLogoutPageGeneratingFilter@3344d163, org.springframework.security.web.authentication.www.BasicAuthenticationFilter@458031da, org.springframework.security.web.savedrequest.RequestCacheAwareFilter@d25e878, org.springframework.security.web.servletapi.SecurityContextHolderAwareRequestFilter@53ea380b, org.springframework.security.web.authentication.AnonymousAuthenticationFilter@6cc48a17, org.springframework.security.web.access.ExceptionTranslationFilter@7e191fda, org.springframework.security.web.access.intercept.AuthorizationFilter@482f7af0]
2023-12-23T22:42:28.851+08:00  INFO 20548 --- [main] o.s.b.w.embedded.tomcat.TomcatWebServer  : Tomcat started on port(s): 9898 (http) with context path ''
2023-12-23T22:42:28.858+08:00  INFO 20548 --- [main] c.e.desserts.DessertsServerApplication   : Started DessertsServerApplication in 2.038 seconds (process running for 2.491)
2023-12-23T22:42:39.142+08:00  INFO 27424 --- [main] c.e.desserts.DessertsServerApplication   : Starting DessertsServerApplication using Java 17.0.9 with PID 27424 (D:\Data\CodeRepository\javaL\dessert-server\desserts-user-server\target\classes started by ameee in D:\Data\CodeRepository\javaL\dessert-server)
2023-12-23T22:42:39.143+08:00  INFO 27424 --- [main] c.e.desserts.DessertsServerApplication   : No active profile set, falling back to 1 default profile: "default"
2023-12-23T22:42:40.048+08:00  INFO 27424 --- [main] o.s.b.w.embedded.tomcat.TomcatWebServer  : Tomcat initialized with port(s): 9898 (http)
2023-12-23T22:42:40.057+08:00  INFO 27424 --- [main] o.apache.catalina.core.StandardService   : Starting service [Tomcat]
2023-12-23T22:42:40.057+08:00  INFO 27424 --- [main] o.apache.catalina.core.StandardEngine    : Starting Servlet engine: [Apache Tomcat/10.1.10]
2023-12-23T22:42:40.134+08:00  INFO 27424 --- [main] o.a.c.c.C.[Tomcat].[localhost].[/]       : Initializing Spring embedded WebApplicationContext
2023-12-23T22:42:40.134+08:00  INFO 27424 --- [main] w.s.c.ServletWebServerApplicationContext : Root WebApplicationContext: initialization completed in 957 ms
2023-12-23T22:42:40.322+08:00  INFO 27424 --- [main] o.s.b.a.w.s.WelcomePageHandlerMapping    : Adding welcome page template: index
2023-12-23T22:42:40.674+08:00  INFO 27424 --- [main] o.s.s.web.DefaultSecurityFilterChain     : Will secure any request with [org.springframework.security.web.session.DisableEncodeUrlFilter@5403907, org.springframework.security.web.context.request.async.WebAsyncManagerIntegrationFilter@5175d9ad, org.springframework.security.web.context.SecurityContextHolderFilter@935493d, org.springframework.security.web.header.HeaderWriterFilter@4b4969ea, org.springframework.security.web.csrf.CsrfFilter@d25e878, org.springframework.security.web.authentication.logout.LogoutFilter@27ab206, org.springframework.security.web.authentication.UsernamePasswordAuthenticationFilter@33e3bd2e, org.springframework.security.web.authentication.ui.DefaultLoginPageGeneratingFilter@4863c8ac, org.springframework.security.web.authentication.ui.DefaultLogoutPageGeneratingFilter@b06d46d, org.springframework.security.web.authentication.www.BasicAuthenticationFilter@18a98913, org.springframework.security.web.savedrequest.RequestCacheAwareFilter@34c62fdf, org.springframework.security.web.servletapi.SecurityContextHolderAwareRequestFilter@99a8de3, org.springframework.security.web.authentication.AnonymousAuthenticationFilter@25a5c8e, org.springframework.security.web.access.ExceptionTranslationFilter@19a5b637, org.springframework.security.web.access.intercept.AuthorizationFilter@3711c71c]
2023-12-23T22:42:40.779+08:00  INFO 27424 --- [main] o.s.b.w.embedded.tomcat.TomcatWebServer  : Tomcat started on port(s): 9898 (http) with context path ''
2023-12-23T22:42:40.787+08:00  INFO 27424 --- [main] c.e.desserts.DessertsServerApplication   : Started DessertsServerApplication in 2.081 seconds (process running for 2.51)
2023-12-23T22:43:08.779+08:00  INFO 20256 --- [main] c.e.desserts.DessertsServerApplication   : Starting DessertsServerApplication using Java 17.0.9 with PID 20256 (D:\Data\CodeRepository\javaL\dessert-server\desserts-user-server\target\classes started by ameee in D:\Data\CodeRepository\javaL\dessert-server)
2023-12-23T22:43:08.782+08:00  INFO 20256 --- [main] c.e.desserts.DessertsServerApplication   : No active profile set, falling back to 1 default profile: "default"
2023-12-23T22:43:09.707+08:00  INFO 20256 --- [main] o.s.b.w.embedded.tomcat.TomcatWebServer  : Tomcat initialized with port(s): 9898 (http)
2023-12-23T22:43:09.717+08:00  INFO 20256 --- [main] o.apache.catalina.core.StandardService   : Starting service [Tomcat]
2023-12-23T22:43:09.718+08:00  INFO 20256 --- [main] o.apache.catalina.core.StandardEngine    : Starting Servlet engine: [Apache Tomcat/10.1.10]
2023-12-23T22:43:09.821+08:00  INFO 20256 --- [main] o.a.c.c.C.[Tomcat].[localhost].[/]       : Initializing Spring embedded WebApplicationContext
2023-12-23T22:43:09.821+08:00  INFO 20256 --- [main] w.s.c.ServletWebServerApplicationContext : Root WebApplicationContext: initialization completed in 1008 ms
2023-12-23T22:43:10.032+08:00  INFO 20256 --- [main] o.s.b.a.w.s.WelcomePageHandlerMapping    : Adding welcome page template: index
2023-12-23T22:43:10.443+08:00  INFO 20256 --- [main] o.s.s.web.DefaultSecurityFilterChain     : Will secure any request with [org.springframework.security.web.session.DisableEncodeUrlFilter@935493d, org.springframework.security.web.context.request.async.WebAsyncManagerIntegrationFilter@9b367c8, org.springframework.security.web.context.SecurityContextHolderFilter@3e43f049, org.springframework.security.web.header.HeaderWriterFilter@79ca7bea, org.springframework.security.web.csrf.CsrfFilter@624b3544, org.springframework.security.web.authentication.logout.LogoutFilter@788e3702, org.springframework.security.web.authentication.UsernamePasswordAuthenticationFilter@125f16b2, org.springframework.security.web.authentication.ui.DefaultLoginPageGeneratingFilter@336f49a1, org.springframework.security.web.authentication.ui.DefaultLogoutPageGeneratingFilter@34c62fdf, org.springframework.security.web.authentication.www.BasicAuthenticationFilter@4b4969ea, org.springframework.security.web.savedrequest.RequestCacheAwareFilter@755a7218, org.springframework.security.web.servletapi.SecurityContextHolderAwareRequestFilter@58a7dc4, org.springframework.security.web.authentication.AnonymousAuthenticationFilter@3de79067, org.springframework.security.web.access.ExceptionTranslationFilter@2017f6e6, org.springframework.security.web.access.intercept.AuthorizationFilter@241b971f]
2023-12-23T22:43:10.565+08:00  INFO 20256 --- [main] o.s.b.w.embedded.tomcat.TomcatWebServer  : Tomcat started on port(s): 9898 (http) with context path ''
2023-12-23T22:43:10.575+08:00  INFO 20256 --- [main] c.e.desserts.DessertsServerApplication   : Started DessertsServerApplication in 2.236 seconds (process running for 2.669)
2023-12-23T22:43:27.693+08:00  INFO 28632 --- [main] c.e.desserts.DessertsServerApplication   : Starting DessertsServerApplication using Java 17.0.9 with PID 28632 (D:\Data\CodeRepository\javaL\dessert-server\desserts-user-server\target\classes started by ameee in D:\Data\CodeRepository\javaL\dessert-server)
2023-12-23T22:43:27.696+08:00  INFO 28632 --- [main] c.e.desserts.DessertsServerApplication   : No active profile set, falling back to 1 default profile: "default"
2023-12-23T22:43:28.562+08:00  INFO 28632 --- [main] o.s.b.w.embedded.tomcat.TomcatWebServer  : Tomcat initialized with port(s): 9898 (http)
2023-12-23T22:43:28.570+08:00  INFO 28632 --- [main] o.apache.catalina.core.StandardService   : Starting service [Tomcat]
2023-12-23T22:43:28.570+08:00  INFO 28632 --- [main] o.apache.catalina.core.StandardEngine    : Starting Servlet engine: [Apache Tomcat/10.1.10]
2023-12-23T22:43:28.693+08:00  INFO 28632 --- [main] o.a.c.c.C.[Tomcat].[localhost].[/]       : Initializing Spring embedded WebApplicationContext
2023-12-23T22:43:28.693+08:00  INFO 28632 --- [main] w.s.c.ServletWebServerApplicationContext : Root WebApplicationContext: initialization completed in 962 ms
2023-12-23T22:43:28.868+08:00  INFO 28632 --- [main] o.s.b.a.w.s.WelcomePageHandlerMapping    : Adding welcome page template: index
2023-12-23T22:43:29.206+08:00  INFO 28632 --- [main] o.s.s.web.DefaultSecurityFilterChain     : Will secure any request with [org.springframework.security.web.session.DisableEncodeUrlFilter@289f15e9, org.springframework.security.web.context.request.async.WebAsyncManagerIntegrationFilter@7f22687e, org.springframework.security.web.context.SecurityContextHolderFilter@78116659, org.springframework.security.web.header.HeaderWriterFilter@788e3702, org.springframework.security.web.csrf.CsrfFilter@6238d5e0, org.springframework.security.web.authentication.logout.LogoutFilter@67c6f4d8, org.springframework.security.web.authentication.UsernamePasswordAuthenticationFilter@1e56bc9b, org.springframework.security.web.authentication.ui.DefaultLoginPageGeneratingFilter@79195c22, org.springframework.security.web.authentication.ui.DefaultLogoutPageGeneratingFilter@6af87130, org.springframework.security.web.authentication.www.BasicAuthenticationFilter@27ab206, org.springframework.security.web.savedrequest.RequestCacheAwareFilter@53ea380b, org.springframework.security.web.servletapi.SecurityContextHolderAwareRequestFilter@241b971f, org.springframework.security.web.authentication.AnonymousAuthenticationFilter@22a4ca4a, org.springframework.security.web.access.ExceptionTranslationFilter@e3899fd, org.springframework.security.web.access.intercept.AuthorizationFilter@7f0766ef]
2023-12-23T22:43:29.283+08:00  INFO 28632 --- [main] o.s.b.w.embedded.tomcat.TomcatWebServer  : Tomcat started on port(s): 9898 (http) with context path ''
2023-12-23T22:43:29.290+08:00  INFO 28632 --- [main] c.e.desserts.DessertsServerApplication   : Started DessertsServerApplication in 2.095 seconds (process running for 2.612)
2023-12-23T22:43:48.562+08:00  INFO 28840 --- [main] c.e.desserts.DessertsServerApplication   : Starting DessertsServerApplication using Java 17.0.9 with PID 28840 (D:\Data\CodeRepository\javaL\dessert-server\desserts-user-server\target\classes started by ameee in D:\Data\CodeRepository\javaL\dessert-server)
2023-12-23T22:43:48.564+08:00  INFO 28840 --- [main] c.e.desserts.DessertsServerApplication   : No active profile set, falling back to 1 default profile: "default"
2023-12-23T22:43:49.440+08:00  INFO 28840 --- [main] o.s.b.w.embedded.tomcat.TomcatWebServer  : Tomcat initialized with port(s): 9898 (http)
2023-12-23T22:43:49.448+08:00  INFO 28840 --- [main] o.apache.catalina.core.StandardService   : Starting service [Tomcat]
2023-12-23T22:43:49.448+08:00  INFO 28840 --- [main] o.apache.catalina.core.StandardEngine    : Starting Servlet engine: [Apache Tomcat/10.1.10]
2023-12-23T22:43:49.527+08:00  INFO 28840 --- [main] o.a.c.c.C.[Tomcat].[localhost].[/]       : Initializing Spring embedded WebApplicationContext
2023-12-23T22:43:49.528+08:00  INFO 28840 --- [main] w.s.c.ServletWebServerApplicationContext : Root WebApplicationContext: initialization completed in 925 ms
2023-12-23T22:43:49.704+08:00  INFO 28840 --- [main] o.s.b.a.w.s.WelcomePageHandlerMapping    : Adding welcome page template: index
2023-12-23T22:43:50.029+08:00  INFO 28840 --- [main] o.s.s.web.DefaultSecurityFilterChain     : Will secure any request with [org.springframework.security.web.session.DisableEncodeUrlFilter@73a845cb, org.springframework.security.web.context.request.async.WebAsyncManagerIntegrationFilter@18a98913, org.springframework.security.web.context.SecurityContextHolderFilter@4f3c7808, org.springframework.security.web.header.HeaderWriterFilter@70be89ec, org.springframework.security.web.csrf.CsrfFilter@3869a6e5, org.springframework.security.web.authentication.logout.LogoutFilter@458031da, org.springframework.security.web.authentication.UsernamePasswordAuthenticationFilter@22a4ca4a, org.springframework.security.web.authentication.ui.DefaultLoginPageGeneratingFilter@87f501f, org.springframework.security.web.authentication.ui.DefaultLogoutPageGeneratingFilter@7dbae40, org.springframework.security.web.authentication.www.BasicAuthenticationFilter@1bee0085, org.springframework.security.web.savedrequest.RequestCacheAwareFilter@11c581a0, org.springframework.security.web.servletapi.SecurityContextHolderAwareRequestFilter@34c62fdf, org.springframework.security.web.authentication.AnonymousAuthenticationFilter@34f7b44f, org.springframework.security.web.access.ExceptionTranslationFilter@79195c22, org.springframework.security.web.access.intercept.AuthorizationFilter@6af87130]
2023-12-23T22:43:50.099+08:00  INFO 28840 --- [main] o.s.b.w.embedded.tomcat.TomcatWebServer  : Tomcat started on port(s): 9898 (http) with context path ''
2023-12-23T22:43:50.108+08:00  INFO 28840 --- [main] c.e.desserts.DessertsServerApplication   : Started DessertsServerApplication in 2.064 seconds (process running for 2.551)
2023-12-23T22:44:03.982+08:00  INFO 36396 --- [main] c.e.desserts.DessertsServerApplication   : Starting DessertsServerApplication using Java 17.0.9 with PID 36396 (D:\Data\CodeRepository\javaL\dessert-server\desserts-user-server\target\classes started by ameee in D:\Data\CodeRepository\javaL\dessert-server)
2023-12-23T22:44:03.984+08:00  INFO 36396 --- [main] c.e.desserts.DessertsServerApplication   : No active profile set, falling back to 1 default profile: "default"
2023-12-23T22:44:04.766+08:00  INFO 36396 --- [main] o.s.b.w.embedded.tomcat.TomcatWebServer  : Tomcat initialized with port(s): 9898 (http)
2023-12-23T22:44:04.773+08:00  INFO 36396 --- [main] o.apache.catalina.core.StandardService   : Starting service [Tomcat]
2023-12-23T22:44:04.773+08:00  INFO 36396 --- [main] o.apache.catalina.core.StandardEngine    : Starting Servlet engine: [Apache Tomcat/10.1.10]
2023-12-23T22:44:04.857+08:00  INFO 36396 --- [main] o.a.c.c.C.[Tomcat].[localhost].[/]       : Initializing Spring embedded WebApplicationContext
2023-12-23T22:44:04.858+08:00  INFO 36396 --- [main] w.s.c.ServletWebServerApplicationContext : Root WebApplicationContext: initialization completed in 836 ms
2023-12-23T22:44:05.025+08:00  INFO 36396 --- [main] o.s.b.a.w.s.WelcomePageHandlerMapping    : Adding welcome page template: index
2023-12-23T22:44:05.342+08:00  INFO 36396 --- [main] o.s.s.web.DefaultSecurityFilterChain     : Will secure any request with [org.springframework.security.web.session.DisableEncodeUrlFilter@66713605, org.springframework.security.web.context.request.async.WebAsyncManagerIntegrationFilter@2ab09943, org.springframework.security.web.context.SecurityContextHolderFilter@1edfedf1, org.springframework.security.web.header.HeaderWriterFilter@56fda064, org.springframework.security.web.csrf.CsrfFilter@70be89ec, org.springframework.security.web.authentication.logout.LogoutFilter@2f09e6b2, org.springframework.security.web.authentication.UsernamePasswordAuthenticationFilter@b06d46d, org.springframework.security.web.authentication.ui.DefaultLoginPageGeneratingFilter@7be94cd6, org.springframework.security.web.authentication.ui.DefaultLogoutPageGeneratingFilter@7d50f2a8, org.springframework.security.web.authentication.www.BasicAuthenticationFilter@2c7c0e36, org.springframework.security.web.savedrequest.RequestCacheAwareFilter@4c4c7d6c, org.springframework.security.web.servletapi.SecurityContextHolderAwareRequestFilter@403364e9, org.springframework.security.web.authentication.AnonymousAuthenticationFilter@5864e8bf, org.springframework.security.web.access.ExceptionTranslationFilter@3a6e9856, org.springframework.security.web.access.intercept.AuthorizationFilter@5175d9ad]
2023-12-23T22:44:05.414+08:00  INFO 36396 --- [main] o.s.b.w.embedded.tomcat.TomcatWebServer  : Tomcat started on port(s): 9898 (http) with context path ''
2023-12-23T22:44:05.424+08:00  INFO 36396 --- [main] c.e.desserts.DessertsServerApplication   : Started DessertsServerApplication in 1.883 seconds (process running for 2.39)
2023-12-23T22:44:19.044+08:00  INFO 27784 --- [main] c.e.desserts.DessertsServerApplication   : Starting DessertsServerApplication using Java 17.0.9 with PID 27784 (D:\Data\CodeRepository\javaL\dessert-server\desserts-user-server\target\classes started by ameee in D:\Data\CodeRepository\javaL\dessert-server)
2023-12-23T22:44:19.047+08:00  INFO 27784 --- [main] c.e.desserts.DessertsServerApplication   : No active profile set, falling back to 1 default profile: "default"
2023-12-23T22:44:19.943+08:00  INFO 27784 --- [main] o.s.b.w.embedded.tomcat.TomcatWebServer  : Tomcat initialized with port(s): 9898 (http)
2023-12-23T22:44:19.950+08:00  INFO 27784 --- [main] o.apache.catalina.core.StandardService   : Starting service [Tomcat]
2023-12-23T22:44:19.950+08:00  INFO 27784 --- [main] o.apache.catalina.core.StandardEngine    : Starting Servlet engine: [Apache Tomcat/10.1.10]
2023-12-23T22:44:20.041+08:00  INFO 27784 --- [main] o.a.c.c.C.[Tomcat].[localhost].[/]       : Initializing Spring embedded WebApplicationContext
2023-12-23T22:44:20.041+08:00  INFO 27784 --- [main] w.s.c.ServletWebServerApplicationContext : Root WebApplicationContext: initialization completed in 960 ms
2023-12-23T22:44:20.212+08:00  INFO 27784 --- [main] o.s.b.a.w.s.WelcomePageHandlerMapping    : Adding welcome page template: index
2023-12-23T22:44:20.539+08:00  INFO 27784 --- [main] o.s.s.web.DefaultSecurityFilterChain     : Will secure any request with [org.springframework.security.web.session.DisableEncodeUrlFilter@4409cae6, org.springframework.security.web.context.request.async.WebAsyncManagerIntegrationFilter@14e750c5, org.springframework.security.web.context.SecurityContextHolderFilter@99a8de3, org.springframework.security.web.header.HeaderWriterFilter@3de79067, org.springframework.security.web.csrf.CsrfFilter@245cb8df, org.springframework.security.web.authentication.logout.LogoutFilter@22a4ca4a, org.springframework.security.web.authentication.UsernamePasswordAuthenticationFilter@1bee0085, org.springframework.security.web.authentication.ui.DefaultLoginPageGeneratingFilter@4c4c7d6c, org.springframework.security.web.authentication.ui.DefaultLogoutPageGeneratingFilter@242ff747, org.springframework.security.web.authentication.www.BasicAuthenticationFilter@25a5c8e, org.springframework.security.web.savedrequest.RequestCacheAwareFilter@54495935, org.springframework.security.web.servletapi.SecurityContextHolderAwareRequestFilter@56fda064, org.springframework.security.web.authentication.AnonymousAuthenticationFilter@5329f6b3, org.springframework.security.web.access.ExceptionTranslationFilter@9b367c8, org.springframework.security.web.access.intercept.AuthorizationFilter@2f09e6b2]
2023-12-23T22:44:20.603+08:00  INFO 27784 --- [main] o.s.b.w.embedded.tomcat.TomcatWebServer  : Tomcat started on port(s): 9898 (http) with context path ''
2023-12-23T22:44:20.610+08:00  INFO 27784 --- [main] c.e.desserts.DessertsServerApplication   : Started DessertsServerApplication in 2.054 seconds (process running for 2.543)
2023-12-23T22:48:54.789+08:00  INFO 19032 --- [main] c.e.desserts.DessertsServerApplication   : Starting DessertsServerApplication using Java 17.0.9 with PID 19032 (D:\Data\CodeRepository\javaL\dessert-server\desserts-user-server\target\classes started by ameee in D:\Data\CodeRepository\javaL\dessert-server)
2023-12-23T22:48:54.790+08:00  INFO 19032 --- [main] c.e.desserts.DessertsServerApplication   : No active profile set, falling back to 1 default profile: "default"
2023-12-23T22:48:55.641+08:00  INFO 19032 --- [main] o.s.b.w.embedded.tomcat.TomcatWebServer  : Tomcat initialized with port(s): 9898 (http)
2023-12-23T22:48:55.650+08:00  INFO 19032 --- [main] o.apache.catalina.core.StandardService   : Starting service [Tomcat]
2023-12-23T22:48:55.651+08:00  INFO 19032 --- [main] o.apache.catalina.core.StandardEngine    : Starting Servlet engine: [Apache Tomcat/10.1.10]
2023-12-23T22:48:55.723+08:00  INFO 19032 --- [main] o.a.c.c.C.[Tomcat].[localhost].[/]       : Initializing Spring embedded WebApplicationContext
2023-12-23T22:48:55.723+08:00  INFO 19032 --- [main] w.s.c.ServletWebServerApplicationContext : Root WebApplicationContext: initialization completed in 897 ms
2023-12-23T22:48:55.891+08:00  INFO 19032 --- [main] o.s.b.a.w.s.WelcomePageHandlerMapping    : Adding welcome page template: index
2023-12-23T22:48:56.216+08:00  INFO 19032 --- [main] o.s.s.web.DefaultSecurityFilterChain     : Will secure any request with [org.springframework.security.web.session.DisableEncodeUrlFilter@7dbae40, org.springframework.security.web.context.request.async.WebAsyncManagerIntegrationFilter@34f7b44f, org.springframework.security.web.context.SecurityContextHolderFilter@11c581a0, org.springframework.security.web.header.HeaderWriterFilter@19a5b637, org.springframework.security.web.csrf.CsrfFilter@7d484fcd, org.springframework.security.web.authentication.logout.LogoutFilter@20cff21e, org.springframework.security.web.authentication.UsernamePasswordAuthenticationFilter@1e495414, org.springframework.security.web.authentication.ui.DefaultLoginPageGeneratingFilter@67c6f4d8, org.springframework.security.web.authentication.ui.DefaultLogoutPageGeneratingFilter@5403907, org.springframework.security.web.authentication.www.BasicAuthenticationFilter@13f40d71, org.springframework.security.web.savedrequest.RequestCacheAwareFilter@935493d, org.springframework.security.web.servletapi.SecurityContextHolderAwareRequestFilter@1eb85a47, org.springframework.security.web.authentication.AnonymousAuthenticationFilter@5175d9ad, org.springframework.security.web.access.ExceptionTranslationFilter@70be89ec, org.springframework.security.web.access.intercept.AuthorizationFilter@72c4a3aa]
2023-12-23T22:48:56.280+08:00  INFO 19032 --- [main] o.s.b.w.embedded.tomcat.TomcatWebServer  : Tomcat started on port(s): 9898 (http) with context path ''
2023-12-23T22:48:56.287+08:00  INFO 19032 --- [main] c.e.desserts.DessertsServerApplication   : Started DessertsServerApplication in 1.904 seconds (process running for 2.294)
2023-12-23T22:55:32.131+08:00  INFO 18736 --- [main] c.e.desserts.DessertsServerApplication   : Starting DessertsServerApplication using Java 17.0.9 with PID 18736 (D:\Data\CodeRepository\javaL\dessert-server\desserts-user-server\target\classes started by ameee in D:\Data\CodeRepository\javaL\dessert-server)
2023-12-23T22:55:32.132+08:00  INFO 18736 --- [main] c.e.desserts.DessertsServerApplication   : No active profile set, falling back to 1 default profile: "default"
2023-12-23T22:55:32.921+08:00  INFO 18736 --- [main] o.s.b.w.embedded.tomcat.TomcatWebServer  : Tomcat initialized with port(s): 9898 (http)
2023-12-23T22:55:32.930+08:00  INFO 18736 --- [main] o.apache.catalina.core.StandardService   : Starting service [Tomcat]
2023-12-23T22:55:32.930+08:00  INFO 18736 --- [main] o.apache.catalina.core.StandardEngine    : Starting Servlet engine: [Apache Tomcat/10.1.10]
2023-12-23T22:55:33.010+08:00  INFO 18736 --- [main] o.a.c.c.C.[Tomcat].[localhost].[/]       : Initializing Spring embedded WebApplicationContext
2023-12-23T22:55:33.011+08:00  INFO 18736 --- [main] w.s.c.ServletWebServerApplicationContext : Root WebApplicationContext: initialization completed in 846 ms
2023-12-23T22:55:33.181+08:00  INFO 18736 --- [main] o.s.b.a.w.s.WelcomePageHandlerMapping    : Adding welcome page template: index
2023-12-23T22:55:33.474+08:00  INFO 18736 --- [main] o.s.s.web.DefaultSecurityFilterChain     : Will secure any request with [org.springframework.security.web.session.DisableEncodeUrlFilter@66713605, org.springframework.security.web.context.request.async.WebAsyncManagerIntegrationFilter@2ab09943, org.springframework.security.web.context.SecurityContextHolderFilter@1edfedf1, org.springframework.security.web.header.HeaderWriterFilter@56fda064, org.springframework.security.web.csrf.CsrfFilter@70be89ec, org.springframework.security.web.authentication.logout.LogoutFilter@2f09e6b2, org.springframework.security.web.authentication.UsernamePasswordAuthenticationFilter@b06d46d, org.springframework.security.web.authentication.ui.DefaultLoginPageGeneratingFilter@7be94cd6, org.springframework.security.web.authentication.ui.DefaultLogoutPageGeneratingFilter@7d50f2a8, org.springframework.security.web.authentication.www.BasicAuthenticationFilter@2c7c0e36, org.springframework.security.web.savedrequest.RequestCacheAwareFilter@4c4c7d6c, org.springframework.security.web.servletapi.SecurityContextHolderAwareRequestFilter@403364e9, org.springframework.security.web.authentication.AnonymousAuthenticationFilter@5864e8bf, org.springframework.security.web.access.ExceptionTranslationFilter@3a6e9856, org.springframework.security.web.access.intercept.AuthorizationFilter@5175d9ad]
2023-12-23T22:55:33.540+08:00  INFO 18736 --- [main] o.s.b.w.embedded.tomcat.TomcatWebServer  : Tomcat started on port(s): 9898 (http) with context path ''
2023-12-23T22:55:33.548+08:00  INFO 18736 --- [main] c.e.desserts.DessertsServerApplication   : Started DessertsServerApplication in 1.815 seconds (process running for 2.233)
2023-12-23T22:56:56.547+08:00  INFO 32192 --- [main] c.e.desserts.DessertsServerApplication   : Starting DessertsServerApplication using Java 17.0.9 with PID 32192 (D:\Data\CodeRepository\javaL\dessert-server\desserts-user-server\target\classes started by ameee in D:\Data\CodeRepository\javaL\dessert-server)
2023-12-23T22:56:56.549+08:00  INFO 32192 --- [main] c.e.desserts.DessertsServerApplication   : No active profile set, falling back to 1 default profile: "default"
2023-12-23T22:56:57.412+08:00  INFO 32192 --- [main] o.s.b.w.embedded.tomcat.TomcatWebServer  : Tomcat initialized with port(s): 9898 (http)
2023-12-23T22:56:57.419+08:00  INFO 32192 --- [main] o.apache.catalina.core.StandardService   : Starting service [Tomcat]
2023-12-23T22:56:57.419+08:00  INFO 32192 --- [main] o.apache.catalina.core.StandardEngine    : Starting Servlet engine: [Apache Tomcat/10.1.10]
2023-12-23T22:56:57.491+08:00  INFO 32192 --- [main] o.a.c.c.C.[Tomcat].[localhost].[/]       : Initializing Spring embedded WebApplicationContext
2023-12-23T22:56:57.492+08:00  INFO 32192 --- [main] w.s.c.ServletWebServerApplicationContext : Root WebApplicationContext: initialization completed in 910 ms
2023-12-23T22:56:57.697+08:00  INFO 32192 --- [main] o.s.b.a.w.s.WelcomePageHandlerMapping    : Adding welcome page template: index
2023-12-23T22:56:58.036+08:00  INFO 32192 --- [main] o.s.s.web.DefaultSecurityFilterChain     : Will secure any request with [org.springframework.security.web.session.DisableEncodeUrlFilter@67c6f4d8, org.springframework.security.web.context.request.async.WebAsyncManagerIntegrationFilter@3a6e9856, org.springframework.security.web.context.SecurityContextHolderFilter@340afaf8, org.springframework.security.web.header.HeaderWriterFilter@58a7dc4, org.springframework.security.web.csrf.CsrfFilter@ceb7701, org.springframework.security.web.authentication.logout.LogoutFilter@241b971f, org.springframework.security.web.authentication.UsernamePasswordAuthenticationFilter@4f3c7808, org.springframework.security.web.authentication.ui.DefaultLoginPageGeneratingFilter@3f048c86, org.springframework.security.web.authentication.ui.DefaultLogoutPageGeneratingFilter@4863c8ac, org.springframework.security.web.authentication.www.BasicAuthenticationFilter@99a8de3, org.springframework.security.web.savedrequest.RequestCacheAwareFilter@336f49a1, org.springframework.security.web.servletapi.SecurityContextHolderAwareRequestFilter@226d5af0, org.springframework.security.web.authentication.AnonymousAuthenticationFilter@56fda064, org.springframework.security.web.access.ExceptionTranslationFilter@5122e4bf, org.springframework.security.web.access.intercept.AuthorizationFilter@19a5b637]
2023-12-23T22:56:58.131+08:00  INFO 32192 --- [main] o.s.b.w.embedded.tomcat.TomcatWebServer  : Tomcat started on port(s): 9898 (http) with context path ''
2023-12-23T22:56:58.139+08:00  INFO 32192 --- [main] c.e.desserts.DessertsServerApplication   : Started DessertsServerApplication in 1.986 seconds (process running for 2.359)
2023-12-23T23:01:20.288+08:00  INFO 18828 --- [main] c.e.desserts.DessertsServerApplication   : Starting DessertsServerApplication using Java 17.0.9 with PID 18828 (D:\Data\CodeRepository\javaL\dessert-server\desserts-user-server\target\classes started by ameee in D:\Data\CodeRepository\javaL\dessert-server)
2023-12-23T23:01:20.289+08:00  INFO 18828 --- [main] c.e.desserts.DessertsServerApplication   : The following 1 profile is active: "dev"
2023-12-23T23:01:21.241+08:00  INFO 18828 --- [main] o.s.b.w.embedded.tomcat.TomcatWebServer  : Tomcat initialized with port(s): 9898 (http)
2023-12-23T23:01:21.269+08:00  INFO 18828 --- [main] o.apache.catalina.core.StandardService   : Starting service [Tomcat]
2023-12-23T23:01:21.271+08:00  INFO 18828 --- [main] o.apache.catalina.core.StandardEngine    : Starting Servlet engine: [Apache Tomcat/10.1.10]
2023-12-23T23:01:21.380+08:00  INFO 18828 --- [main] o.a.c.c.C.[Tomcat].[localhost].[/]       : Initializing Spring embedded WebApplicationContext
2023-12-23T23:01:21.380+08:00  INFO 18828 --- [main] w.s.c.ServletWebServerApplicationContext : Root WebApplicationContext: initialization completed in 1054 ms
2023-12-23T23:01:21.672+08:00  WARN 18828 --- [main] ion$DefaultTemplateResolverConfiguration : Cannot find template location: classpath:/templates/ (please add some templates, check your Thymeleaf configuration, or set spring.thymeleaf.check-template-location=false)
2023-12-23T23:01:21.930+08:00  INFO 18828 --- [main] o.s.s.web.DefaultSecurityFilterChain     : Will secure any request with [org.springframework.security.web.session.DisableEncodeUrlFilter@4409cae6, org.springframework.security.web.context.request.async.WebAsyncManagerIntegrationFilter@14e750c5, org.springframework.security.web.context.SecurityContextHolderFilter@99a8de3, org.springframework.security.web.header.HeaderWriterFilter@3de79067, org.springframework.security.web.csrf.CsrfFilter@245cb8df, org.springframework.security.web.authentication.logout.LogoutFilter@22a4ca4a, org.springframework.security.web.authentication.UsernamePasswordAuthenticationFilter@1bee0085, org.springframework.security.web.authentication.ui.DefaultLoginPageGeneratingFilter@4c4c7d6c, org.springframework.security.web.authentication.ui.DefaultLogoutPageGeneratingFilter@242ff747, org.springframework.security.web.authentication.www.BasicAuthenticationFilter@25a5c8e, org.springframework.security.web.savedrequest.RequestCacheAwareFilter@54495935, org.springframework.security.web.servletapi.SecurityContextHolderAwareRequestFilter@56fda064, org.springframework.security.web.authentication.AnonymousAuthenticationFilter@5329f6b3, org.springframework.security.web.access.ExceptionTranslationFilter@9b367c8, org.springframework.security.web.access.intercept.AuthorizationFilter@2f09e6b2]
2023-12-23T23:01:22.008+08:00  INFO 18828 --- [main] o.s.b.w.embedded.tomcat.TomcatWebServer  : Tomcat started on port(s): 9898 (http) with context path ''
2023-12-23T23:01:22.019+08:00  INFO 18828 --- [main] c.e.desserts.DessertsServerApplication   : Started DessertsServerApplication in 2.196 seconds (process running for 2.632)
2023-12-23T23:03:00.643+08:00  INFO 14060 --- [main] c.e.desserts.DessertsServerApplication   : Starting DessertsServerApplication using Java 17.0.9 with PID 14060 (D:\Data\CodeRepository\javaL\dessert-server\desserts-user-server\target\classes started by ameee in D:\Data\CodeRepository\javaL\dessert-server)
2023-12-23T23:03:00.646+08:00  INFO 14060 --- [main] c.e.desserts.DessertsServerApplication   : The following 1 profile is active: "prod"
2023-12-23T23:03:01.636+08:00  INFO 14060 --- [main] o.s.b.w.embedded.tomcat.TomcatWebServer  : Tomcat initialized with port(s): 4949 (http)
2023-12-23T23:03:01.649+08:00  INFO 14060 --- [main] o.apache.catalina.core.StandardService   : Starting service [Tomcat]
2023-12-23T23:03:01.649+08:00  INFO 14060 --- [main] o.apache.catalina.core.StandardEngine    : Starting Servlet engine: [Apache Tomcat/10.1.10]
2023-12-23T23:03:01.737+08:00  INFO 14060 --- [main] o.a.c.c.C.[Tomcat].[localhost].[/]       : Initializing Spring embedded WebApplicationContext
2023-12-23T23:03:01.737+08:00  INFO 14060 --- [main] w.s.c.ServletWebServerApplicationContext : Root WebApplicationContext: initialization completed in 1058 ms
2023-12-23T23:03:02.071+08:00  WARN 14060 --- [main] ion$DefaultTemplateResolverConfiguration : Cannot find template location: classpath:/templates/ (please add some templates, check your Thymeleaf configuration, or set spring.thymeleaf.check-template-location=false)
2023-12-23T23:03:02.367+08:00  INFO 14060 --- [main] o.s.s.web.DefaultSecurityFilterChain     : Will secure any request with [org.springframework.security.web.session.DisableEncodeUrlFilter@4409cae6, org.springframework.security.web.context.request.async.WebAsyncManagerIntegrationFilter@14e750c5, org.springframework.security.web.context.SecurityContextHolderFilter@99a8de3, org.springframework.security.web.header.HeaderWriterFilter@3de79067, org.springframework.security.web.csrf.CsrfFilter@245cb8df, org.springframework.security.web.authentication.logout.LogoutFilter@22a4ca4a, org.springframework.security.web.authentication.UsernamePasswordAuthenticationFilter@1bee0085, org.springframework.security.web.authentication.ui.DefaultLoginPageGeneratingFilter@4c4c7d6c, org.springframework.security.web.authentication.ui.DefaultLogoutPageGeneratingFilter@242ff747, org.springframework.security.web.authentication.www.BasicAuthenticationFilter@25a5c8e, org.springframework.security.web.savedrequest.RequestCacheAwareFilter@54495935, org.springframework.security.web.servletapi.SecurityContextHolderAwareRequestFilter@56fda064, org.springframework.security.web.authentication.AnonymousAuthenticationFilter@5329f6b3, org.springframework.security.web.access.ExceptionTranslationFilter@9b367c8, org.springframework.security.web.access.intercept.AuthorizationFilter@2f09e6b2]
2023-12-23T23:03:02.457+08:00  INFO 14060 --- [main] o.s.b.w.embedded.tomcat.TomcatWebServer  : Tomcat started on port(s): 4949 (http) with context path ''
2023-12-23T23:03:02.471+08:00  INFO 14060 --- [main] c.e.desserts.DessertsServerApplication   : Started DessertsServerApplication in 2.248 seconds (process running for 2.653)
2023-12-23T23:04:52.113+08:00  INFO 33856 --- [main] c.e.desserts.DessertsServerApplication   : Starting DessertsServerApplication using Java 17.0.9 with PID 33856 (D:\Data\CodeRepository\javaL\dessert-server\desserts-user-server\target\classes started by ameee in D:\Data\CodeRepository\javaL\dessert-server)
2023-12-23T23:04:52.114+08:00  INFO 33856 --- [main] c.e.desserts.DessertsServerApplication   : The following 1 profile is active: "prod"
2023-12-23T23:04:53.006+08:00  INFO 33856 --- [main] o.s.b.w.embedded.tomcat.TomcatWebServer  : Tomcat initialized with port(s): 4949 (http)
2023-12-23T23:04:53.018+08:00  INFO 33856 --- [main] o.apache.catalina.core.StandardService   : Starting service [Tomcat]
2023-12-23T23:04:53.018+08:00  INFO 33856 --- [main] o.apache.catalina.core.StandardEngine    : Starting Servlet engine: [Apache Tomcat/10.1.10]
2023-12-23T23:04:53.102+08:00  INFO 33856 --- [main] o.a.c.c.C.[Tomcat].[localhost].[/]       : Initializing Spring embedded WebApplicationContext
2023-12-23T23:04:53.102+08:00  INFO 33856 --- [main] w.s.c.ServletWebServerApplicationContext : Root WebApplicationContext: initialization completed in 957 ms
2023-12-23T23:04:53.374+08:00  WARN 33856 --- [main] ion$DefaultTemplateResolverConfiguration : Cannot find template location: classpath:/templates/ (please add some templates, check your Thymeleaf configuration, or set spring.thymeleaf.check-template-location=false)
2023-12-23T23:04:53.646+08:00  INFO 33856 --- [main] o.s.s.web.DefaultSecurityFilterChain     : Will secure any request with [org.springframework.security.web.session.DisableEncodeUrlFilter@6321a5aa, org.springframework.security.web.context.request.async.WebAsyncManagerIntegrationFilter@1c7f9861, org.springframework.security.web.context.SecurityContextHolderFilter@403364e9, org.springframework.security.web.header.HeaderWriterFilter@7f0766ef, org.springframework.security.web.csrf.CsrfFilter@256589a1, org.springframework.security.web.authentication.logout.LogoutFilter@7dbae40, org.springframework.security.web.authentication.UsernamePasswordAuthenticationFilter@242ff747, org.springframework.security.web.authentication.ui.DefaultLoginPageGeneratingFilter@289f15e9, org.springframework.security.web.authentication.ui.DefaultLogoutPageGeneratingFilter@7a36c83a, org.springframework.security.web.authentication.www.BasicAuthenticationFilter@5864e8bf, org.springframework.security.web.savedrequest.RequestCacheAwareFilter@2fde9469, org.springframework.security.web.servletapi.SecurityContextHolderAwareRequestFilter@20cff21e, org.springframework.security.web.authentication.AnonymousAuthenticationFilter@154b8cb6, org.springframework.security.web.access.ExceptionTranslationFilter@251a90ce, org.springframework.security.web.access.intercept.AuthorizationFilter@14e750c5]
2023-12-23T23:04:53.751+08:00  INFO 33856 --- [main] o.s.b.w.embedded.tomcat.TomcatWebServer  : Tomcat started on port(s): 4949 (http) with context path ''
2023-12-23T23:04:53.758+08:00  INFO 33856 --- [main] c.e.desserts.DessertsServerApplication   : Started DessertsServerApplication in 2.082 seconds (process running for 2.53)
2023-12-23T23:05:06.660+08:00  INFO 35480 --- [main] c.e.desserts.DessertsServerApplication   : Starting DessertsServerApplication using Java 17.0.9 with PID 35480 (D:\Data\CodeRepository\javaL\dessert-server\desserts-user-server\target\classes started by ameee in D:\Data\CodeRepository\javaL\dessert-server)
2023-12-23T23:05:06.663+08:00  INFO 35480 --- [main] c.e.desserts.DessertsServerApplication   : The following 1 profile is active: "dev"
2023-12-23T23:05:07.650+08:00  INFO 35480 --- [main] o.s.b.w.embedded.tomcat.TomcatWebServer  : Tomcat initialized with port(s): 9898 (http)
2023-12-23T23:05:07.659+08:00  INFO 35480 --- [main] o.apache.catalina.core.StandardService   : Starting service [Tomcat]
2023-12-23T23:05:07.659+08:00  INFO 35480 --- [main] o.apache.catalina.core.StandardEngine    : Starting Servlet engine: [Apache Tomcat/10.1.10]
2023-12-23T23:05:07.749+08:00  INFO 35480 --- [main] o.a.c.c.C.[Tomcat].[localhost].[/]       : Initializing Spring embedded WebApplicationContext
2023-12-23T23:05:07.750+08:00  INFO 35480 --- [main] w.s.c.ServletWebServerApplicationContext : Root WebApplicationContext: initialization completed in 1049 ms
2023-12-23T23:05:08.040+08:00  WARN 35480 --- [main] ion$DefaultTemplateResolverConfiguration : Cannot find template location: classpath:/templates/ (please add some templates, check your Thymeleaf configuration, or set spring.thymeleaf.check-template-location=false)
2023-12-23T23:05:08.289+08:00  INFO 35480 --- [main] o.s.s.web.DefaultSecurityFilterChain     : Will secure any request with [org.springframework.security.web.session.DisableEncodeUrlFilter@2fde9469, org.springframework.security.web.context.request.async.WebAsyncManagerIntegrationFilter@1ecf0ac6, org.springframework.security.web.context.SecurityContextHolderFilter@7e191fda, org.springframework.security.web.header.HeaderWriterFilter@3f048c86, org.springframework.security.web.csrf.CsrfFilter@147cc940, org.springframework.security.web.authentication.logout.LogoutFilter@935493d, org.springframework.security.web.authentication.UsernamePasswordAuthenticationFilter@3a6e9856, org.springframework.security.web.authentication.ui.DefaultLoginPageGeneratingFilter@53ea380b, org.springframework.security.web.authentication.ui.DefaultLogoutPageGeneratingFilter@458031da, org.springframework.security.web.authentication.www.BasicAuthenticationFilter@6f3bd37f, org.springframework.security.web.savedrequest.RequestCacheAwareFilter@2ce524d2, org.springframework.security.web.servletapi.SecurityContextHolderAwareRequestFilter@788e3702, org.springframework.security.web.authentication.AnonymousAuthenticationFilter@7be94cd6, org.springframework.security.web.access.ExceptionTranslationFilter@6c2a95d5, org.springframework.security.web.access.intercept.AuthorizationFilter@67c6f4d8]
2023-12-23T23:05:08.377+08:00  INFO 35480 --- [main] o.s.b.w.embedded.tomcat.TomcatWebServer  : Tomcat started on port(s): 9898 (http) with context path ''
2023-12-23T23:05:08.391+08:00  INFO 35480 --- [main] c.e.desserts.DessertsServerApplication   : Started DessertsServerApplication in 2.189 seconds (process running for 2.657)
2023-12-23T23:36:40.491+08:00  INFO 35792 --- [main] c.e.desserts.DessertsServerApplication   : Starting DessertsServerApplication using Java 17.0.9 with PID 35792 (D:\Data\CodeRepository\javaL\dessert-server\desserts-user-server\target\classes started by ameee in D:\Data\CodeRepository\javaL\dessert-server)
2023-12-23T23:36:40.492+08:00  INFO 35792 --- [main] c.e.desserts.DessertsServerApplication   : The following 1 profile is active: "dev"
2023-12-23T23:36:41.413+08:00  INFO 35792 --- [main] o.s.b.w.embedded.tomcat.TomcatWebServer  : Tomcat initialized with port(s): 9898 (http)
2023-12-23T23:36:41.422+08:00  INFO 35792 --- [main] o.apache.catalina.core.StandardService   : Starting service [Tomcat]
2023-12-23T23:36:41.424+08:00  INFO 35792 --- [main] o.apache.catalina.core.StandardEngine    : Starting Servlet engine: [Apache Tomcat/10.1.10]
2023-12-23T23:36:41.500+08:00  INFO 35792 --- [main] o.a.c.c.C.[Tomcat].[localhost].[/]       : Initializing Spring embedded WebApplicationContext
2023-12-23T23:36:41.501+08:00  INFO 35792 --- [main] w.s.c.ServletWebServerApplicationContext : Root WebApplicationContext: initialization completed in 972 ms
2023-12-23T23:36:42.018+08:00  INFO 35792 --- [main] o.s.b.w.embedded.tomcat.TomcatWebServer  : Tomcat started on port(s): 9898 (http) with context path ''
2023-12-23T23:36:42.025+08:00  INFO 35792 --- [main] c.e.desserts.DessertsServerApplication   : Started DessertsServerApplication in 2.032 seconds (process running for 2.489)
